"Severity","ThreadID","Date","Time","Application","Message"
"ERROR","web-0","09/28/2012","14:33:16","cfthread-0","no data
	at railo.runtime.tag.Throw._doStartTag(Throw.java:142):142
	at railo.runtime.tag.Throw.doStartTag(Throw.java:131):131
	at framework.assert_cfc$cf._1(/Users/rountrjf/Sites/mxunit/framework/Assert.cfc:155):155
	at framework.assert_cfc$cf.udfCall(/Users/rountrjf/Sites/mxunit/framework/Assert.cfc):-1
	at railo.runtime.type.UDFImpl.implementation(UDFImpl.java:102):102
	at railo.runtime.type.UDFImpl._call(UDFImpl.java:370):370
	at railo.runtime.type.UDFImpl.call(UDFImpl.java:283):283
	at railo.runtime.type.util.StructSupport.call(StructSupport.java:240):240
	at railo.runtime.util.VariableUtilImpl.callFunctionWithoutNamedValues(VariableUtilImpl.java:723):723
	at railo.runtime.PageContextImpl.getFunction(PageContextImpl.java:1506):1506
	at test.helptests_cfc$cf.threadCall(/Users/rountrjf/Sites/fpm/test/helpTests.cfc:24):24
	at railo.runtime.thread.ChildThreadImpl.execute(ChildThreadImpl.java:180):180
	at railo.runtime.thread.ChildThreadImpl.run(ChildThreadImpl.java:129):129
"
"ERROR","web-0","09/28/2012","14:33:30","cfthread-1","no data
	at railo.runtime.tag.Throw._doStartTag(Throw.java:142):142
	at railo.runtime.tag.Throw.doStartTag(Throw.java:131):131
	at framework.assert_cfc$cf._1(/Users/rountrjf/Sites/mxunit/framework/Assert.cfc:155):155
	at framework.assert_cfc$cf.udfCall(/Users/rountrjf/Sites/mxunit/framework/Assert.cfc):-1
	at railo.runtime.type.UDFImpl.implementation(UDFImpl.java:102):102
	at railo.runtime.type.UDFImpl._call(UDFImpl.java:370):370
	at railo.runtime.type.UDFImpl.call(UDFImpl.java:283):283
	at railo.runtime.type.util.StructSupport.call(StructSupport.java:240):240
	at railo.runtime.util.VariableUtilImpl.callFunctionWithoutNamedValues(VariableUtilImpl.java:723):723
	at railo.runtime.PageContextImpl.getFunction(PageContextImpl.java:1506):1506
	at test.helptests_cfc$cf.threadCall(/Users/rountrjf/Sites/fpm/test/helpTests.cfc:24):24
	at railo.runtime.thread.ChildThreadImpl.execute(ChildThreadImpl.java:180):180
	at railo.runtime.thread.ChildThreadImpl.run(ChildThreadImpl.java:129):129
"
"ERROR","web-0","09/28/2012","14:33:37","cfthread-2","no data
	at railo.runtime.tag.Throw._doStartTag(Throw.java:142):142
	at railo.runtime.tag.Throw.doStartTag(Throw.java:131):131
	at framework.assert_cfc$cf._1(/Users/rountrjf/Sites/mxunit/framework/Assert.cfc:155):155
	at framework.assert_cfc$cf.udfCall(/Users/rountrjf/Sites/mxunit/framework/Assert.cfc):-1
	at railo.runtime.type.UDFImpl.implementation(UDFImpl.java:102):102
	at railo.runtime.type.UDFImpl._call(UDFImpl.java:370):370
	at railo.runtime.type.UDFImpl.call(UDFImpl.java:283):283
	at railo.runtime.type.util.StructSupport.call(StructSupport.java:240):240
	at railo.runtime.util.VariableUtilImpl.callFunctionWithoutNamedValues(VariableUtilImpl.java:723):723
	at railo.runtime.PageContextImpl.getFunction(PageContextImpl.java:1506):1506
	at test.helptests_cfc$cf.threadCall(/Users/rountrjf/Sites/fpm/test/helpTests.cfc:24):24
	at railo.runtime.thread.ChildThreadImpl.execute(ChildThreadImpl.java:180):180
	at railo.runtime.thread.ChildThreadImpl.run(ChildThreadImpl.java:129):129
"
"ERROR","web-0","09/28/2012","14:33:53","cfthread-3","no data
	at railo.runtime.tag.Throw._doStartTag(Throw.java:142):142
	at railo.runtime.tag.Throw.doStartTag(Throw.java:131):131
	at framework.assert_cfc$cf._1(/Users/rountrjf/Sites/mxunit/framework/Assert.cfc:155):155
	at framework.assert_cfc$cf.udfCall(/Users/rountrjf/Sites/mxunit/framework/Assert.cfc):-1
	at railo.runtime.type.UDFImpl.implementation(UDFImpl.java:102):102
	at railo.runtime.type.UDFImpl._call(UDFImpl.java:370):370
	at railo.runtime.type.UDFImpl.call(UDFImpl.java:283):283
	at railo.runtime.type.util.StructSupport.call(StructSupport.java:240):240
	at railo.runtime.util.VariableUtilImpl.callFunctionWithoutNamedValues(VariableUtilImpl.java:723):723
	at railo.runtime.PageContextImpl.getFunction(PageContextImpl.java:1506):1506
	at test.helptests_cfc$cf.threadCall(/Users/rountrjf/Sites/fpm/test/helpTests.cfc:24):24
	at railo.runtime.thread.ChildThreadImpl.execute(ChildThreadImpl.java:180):180
	at railo.runtime.thread.ChildThreadImpl.run(ChildThreadImpl.java:129):129
"
"ERROR","web-0","09/28/2012","14:34:03","cfthread-4","variable [CONSOLE] doesn't exist
	at railo.runtime.type.scope.UndefinedImpl.getCollection(UndefinedImpl.java:365):365
	at test.helptests_cfc$cf.threadCall(/Users/rountrjf/Sites/fpm/test/helpTests.cfc:24):24
	at railo.runtime.thread.ChildThreadImpl.execute(ChildThreadImpl.java:180):180
	at railo.runtime.thread.ChildThreadImpl.run(ChildThreadImpl.java:129):129
"
"ERROR","web-0","09/28/2012","14:37:04","cfthread-5","variable [CONSOLE] doesn't exist
	at railo.runtime.type.scope.UndefinedImpl.getCollection(UndefinedImpl.java:365):365
	at test.helptests_cfc$cf.threadCall(/Users/rountrjf/Sites/fpm/test/helpTests.cfc:24):24
	at railo.runtime.thread.ChildThreadImpl.execute(ChildThreadImpl.java:180):180
	at railo.runtime.thread.ChildThreadImpl.run(ChildThreadImpl.java:129):129
"
"ERROR","web-0","09/28/2012","14:37:09","cfthread-6","variable [CONSOLE] doesn't exist
	at railo.runtime.type.scope.UndefinedImpl.getCollection(UndefinedImpl.java:365):365
	at test.helptests_cfc$cf.threadCall(/Users/rountrjf/Sites/fpm/test/helpTests.cfc:24):24
	at railo.runtime.thread.ChildThreadImpl.execute(ChildThreadImpl.java:180):180
	at railo.runtime.thread.ChildThreadImpl.run(ChildThreadImpl.java:129):129
"
"ERROR","web-0","09/28/2012","14:37:12","cfthread-7","variable [CONSOLE] doesn't exist
	at railo.runtime.type.scope.UndefinedImpl.getCollection(UndefinedImpl.java:365):365
	at test.helptests_cfc$cf.threadCall(/Users/rountrjf/Sites/fpm/test/helpTests.cfc:24):24
	at railo.runtime.thread.ChildThreadImpl.execute(ChildThreadImpl.java:180):180
	at railo.runtime.thread.ChildThreadImpl.run(ChildThreadImpl.java:129):129
"
"ERROR","web-0","09/28/2012","14:37:23","cfthread-8","no data
	at railo.runtime.tag.Throw._doStartTag(Throw.java:142):142
	at railo.runtime.tag.Throw.doStartTag(Throw.java:131):131
	at framework.assert_cfc$cf._1(/Users/rountrjf/Sites/mxunit/framework/Assert.cfc:155):155
	at framework.assert_cfc$cf.udfCall(/Users/rountrjf/Sites/mxunit/framework/Assert.cfc):-1
	at railo.runtime.type.UDFImpl.implementation(UDFImpl.java:102):102
	at railo.runtime.type.UDFImpl._call(UDFImpl.java:370):370
	at railo.runtime.type.UDFImpl.call(UDFImpl.java:283):283
	at railo.runtime.type.util.StructSupport.call(StructSupport.java:240):240
	at railo.runtime.util.VariableUtilImpl.callFunctionWithoutNamedValues(VariableUtilImpl.java:723):723
	at railo.runtime.PageContextImpl.getFunction(PageContextImpl.java:1506):1506
	at test.helptests_cfc$cf.threadCall(/Users/rountrjf/Sites/fpm/test/helpTests.cfc:25):25
	at railo.runtime.thread.ChildThreadImpl.execute(ChildThreadImpl.java:180):180
	at railo.runtime.thread.ChildThreadImpl.run(ChildThreadImpl.java:129):129
"
"ERROR","web-0","09/28/2012","14:37:45","cfthread-9","no data
	at railo.runtime.tag.Throw._doStartTag(Throw.java:142):142
	at railo.runtime.tag.Throw.doStartTag(Throw.java:131):131
	at framework.assert_cfc$cf._1(/Users/rountrjf/Sites/mxunit/framework/Assert.cfc:155):155
	at framework.assert_cfc$cf.udfCall(/Users/rountrjf/Sites/mxunit/framework/Assert.cfc):-1
	at railo.runtime.type.UDFImpl.implementation(UDFImpl.java:102):102
	at railo.runtime.type.UDFImpl._call(UDFImpl.java:370):370
	at railo.runtime.type.UDFImpl.call(UDFImpl.java:283):283
	at railo.runtime.type.util.StructSupport.call(StructSupport.java:240):240
	at railo.runtime.util.VariableUtilImpl.callFunctionWithoutNamedValues(VariableUtilImpl.java:723):723
	at railo.runtime.PageContextImpl.getFunction(PageContextImpl.java:1506):1506
	at test.helptests_cfc$cf.threadCall(/Users/rountrjf/Sites/fpm/test/helpTests.cfc:26):26
	at railo.runtime.thread.ChildThreadImpl.execute(ChildThreadImpl.java:180):180
	at railo.runtime.thread.ChildThreadImpl.run(ChildThreadImpl.java:129):129
"
"ERROR","web-0","09/28/2012","14:37:51","cfthread-10","no data
	at railo.runtime.tag.Throw._doStartTag(Throw.java:142):142
	at railo.runtime.tag.Throw.doStartTag(Throw.java:131):131
	at framework.assert_cfc$cf._1(/Users/rountrjf/Sites/mxunit/framework/Assert.cfc:155):155
	at framework.assert_cfc$cf.udfCall(/Users/rountrjf/Sites/mxunit/framework/Assert.cfc):-1
	at railo.runtime.type.UDFImpl.implementation(UDFImpl.java:102):102
	at railo.runtime.type.UDFImpl._call(UDFImpl.java:370):370
	at railo.runtime.type.UDFImpl.call(UDFImpl.java:283):283
	at railo.runtime.type.util.StructSupport.call(StructSupport.java:240):240
	at railo.runtime.util.VariableUtilImpl.callFunctionWithoutNamedValues(VariableUtilImpl.java:723):723
	at railo.runtime.PageContextImpl.getFunction(PageContextImpl.java:1506):1506
	at test.helptests_cfc$cf.threadCall(/Users/rountrjf/Sites/fpm/test/helpTests.cfc:26):26
	at railo.runtime.thread.ChildThreadImpl.execute(ChildThreadImpl.java:180):180
	at railo.runtime.thread.ChildThreadImpl.run(ChildThreadImpl.java:129):129
"
"ERROR","web-0","09/28/2012","14:37:58","cfthread-11","no data
	at railo.runtime.tag.Throw._doStartTag(Throw.java:142):142
	at railo.runtime.tag.Throw.doStartTag(Throw.java:131):131
	at framework.assert_cfc$cf._1(/Users/rountrjf/Sites/mxunit/framework/Assert.cfc:155):155
	at framework.assert_cfc$cf.udfCall(/Users/rountrjf/Sites/mxunit/framework/Assert.cfc):-1
	at railo.runtime.type.UDFImpl.implementation(UDFImpl.java:102):102
	at railo.runtime.type.UDFImpl._call(UDFImpl.java:370):370
	at railo.runtime.type.UDFImpl.call(UDFImpl.java:283):283
	at railo.runtime.type.util.StructSupport.call(StructSupport.java:240):240
	at railo.runtime.util.VariableUtilImpl.callFunctionWithoutNamedValues(VariableUtilImpl.java:723):723
	at railo.runtime.PageContextImpl.getFunction(PageContextImpl.java:1506):1506
	at test.helptests_cfc$cf.threadCall(/Users/rountrjf/Sites/fpm/test/helpTests.cfc:26):26
	at railo.runtime.thread.ChildThreadImpl.execute(ChildThreadImpl.java:180):180
	at railo.runtime.thread.ChildThreadImpl.run(ChildThreadImpl.java:129):129
"
"ERROR","web-0","09/28/2012","14:38:05","cfthread-12","no data
	at railo.runtime.tag.Throw._doStartTag(Throw.java:142):142
	at railo.runtime.tag.Throw.doStartTag(Throw.java:131):131
	at framework.assert_cfc$cf._1(/Users/rountrjf/Sites/mxunit/framework/Assert.cfc:155):155
	at framework.assert_cfc$cf.udfCall(/Users/rountrjf/Sites/mxunit/framework/Assert.cfc):-1
	at railo.runtime.type.UDFImpl.implementation(UDFImpl.java:102):102
	at railo.runtime.type.UDFImpl._call(UDFImpl.java:370):370
	at railo.runtime.type.UDFImpl.call(UDFImpl.java:283):283
	at railo.runtime.type.util.StructSupport.call(StructSupport.java:240):240
	at railo.runtime.util.VariableUtilImpl.callFunctionWithoutNamedValues(VariableUtilImpl.java:723):723
	at railo.runtime.PageContextImpl.getFunction(PageContextImpl.java:1506):1506
	at test.helptests_cfc$cf.threadCall(/Users/rountrjf/Sites/fpm/test/helpTests.cfc:26):26
	at railo.runtime.thread.ChildThreadImpl.execute(ChildThreadImpl.java:180):180
	at railo.runtime.thread.ChildThreadImpl.run(ChildThreadImpl.java:129):129
"
"ERROR","web-0","10/05/2012","12:51:20","cfthread-0","variable [DEPENDENCIES] doesn't exist
	at railo.runtime.type.scope.UndefinedImpl.getCollection(UndefinedImpl.java:365):365
	at lib.core.package_cfc$cf.threadCall(/Users/rountrjf/Sites/fpm/lib/core/package.cfc:304):304
	at railo.runtime.thread.ChildThreadImpl.execute(ChildThreadImpl.java:180):180
	at railo.runtime.thread.ChildThreadImpl.run(ChildThreadImpl.java:129):129
"
"ERROR","web-0","10/05/2012","12:51:40","cfthread-1","variable [DEPENDENCIES] doesn't exist
	at railo.runtime.type.scope.UndefinedImpl.getCollection(UndefinedImpl.java:365):365
	at lib.core.package_cfc$cf.threadCall(/Users/rountrjf/Sites/fpm/lib/core/package.cfc:303):303
	at railo.runtime.thread.ChildThreadImpl.execute(ChildThreadImpl.java:180):180
	at railo.runtime.thread.ChildThreadImpl.run(ChildThreadImpl.java:129):129
"
"ERROR","web-0","10/05/2012","12:52:46","cfthread-2","variable [DEPENDENCIES] doesn't exist
	at railo.runtime.type.scope.UndefinedImpl.getCollection(UndefinedImpl.java:365):365
	at lib.core.package_cfc$cf.threadCall(/Users/rountrjf/Sites/fpm/lib/core/package.cfc:303):303
	at railo.runtime.thread.ChildThreadImpl.execute(ChildThreadImpl.java:180):180
	at railo.runtime.thread.ChildThreadImpl.run(ChildThreadImpl.java:129):129
"
"ERROR","web-0","10/05/2012","12:52:58","cfthread-3","variable [DEPENDENCIES] doesn't exist
	at railo.runtime.type.scope.UndefinedImpl.getCollection(UndefinedImpl.java:365):365
	at lib.core.package_cfc$cf.threadCall(/Users/rountrjf/Sites/fpm/lib/core/package.cfc:303):303
	at railo.runtime.thread.ChildThreadImpl.execute(ChildThreadImpl.java:180):180
	at railo.runtime.thread.ChildThreadImpl.run(ChildThreadImpl.java:129):129
"
"ERROR","web-0","10/05/2012","12:53:37","cfthread-4","variable [DEPENDENCIES] doesn't exist
	at railo.runtime.type.scope.UndefinedImpl.getCollection(UndefinedImpl.java:365):365
	at lib.core.package_cfc$cf.threadCall(/Users/rountrjf/Sites/fpm/lib/core/package.cfc:303):303
	at railo.runtime.thread.ChildThreadImpl.execute(ChildThreadImpl.java:180):180
	at railo.runtime.thread.ChildThreadImpl.run(ChildThreadImpl.java:129):129
"
"ERROR","web-0","10/05/2012","12:54:23","cfthread-5","variable [DEPENDENCIES] doesn't exist
	at railo.runtime.type.scope.UndefinedImpl.getCollection(UndefinedImpl.java:365):365
	at lib.core.package_cfc$cf.threadCall(/Users/rountrjf/Sites/fpm/lib/core/package.cfc:303):303
	at railo.runtime.thread.ChildThreadImpl.execute(ChildThreadImpl.java:180):180
	at railo.runtime.thread.ChildThreadImpl.run(ChildThreadImpl.java:129):129
"
"ERROR","web-0","10/05/2012","12:54:36","cfthread-6","variable [DEPENDENCIES] doesn't exist
	at railo.runtime.type.scope.UndefinedImpl.getCollection(UndefinedImpl.java:365):365
	at lib.core.package_cfc$cf.threadCall(/Users/rountrjf/Sites/fpm/lib/core/package.cfc:303):303
	at railo.runtime.thread.ChildThreadImpl.execute(ChildThreadImpl.java:180):180
	at railo.runtime.thread.ChildThreadImpl.run(ChildThreadImpl.java:129):129
"
"ERROR","web-0","10/05/2012","12:55:01","cfthread-7","variable [DEPENDENCIES] doesn't exist
	at railo.runtime.type.scope.UndefinedImpl.getCollection(UndefinedImpl.java:365):365
	at lib.core.package_cfc$cf.threadCall(/Users/rountrjf/Sites/fpm/lib/core/package.cfc:303):303
	at railo.runtime.thread.ChildThreadImpl.execute(ChildThreadImpl.java:180):180
	at railo.runtime.thread.ChildThreadImpl.run(ChildThreadImpl.java:129):129
"
"ERROR","web-0","10/05/2012","12:55:17","cfthread-8","variable [DEPENDENCIES] doesn't exist
	at railo.runtime.type.scope.UndefinedImpl.getCollection(UndefinedImpl.java:365):365
	at lib.core.package_cfc$cf.threadCall(/Users/rountrjf/Sites/fpm/lib/core/package.cfc:304):304
	at railo.runtime.thread.ChildThreadImpl.execute(ChildThreadImpl.java:180):180
	at railo.runtime.thread.ChildThreadImpl.run(ChildThreadImpl.java:129):129
"
"ERROR","web-0","10/05/2012","12:55:47","cfthread-9","variable [DEPENDENCIES] doesn't exist
	at railo.runtime.type.scope.UndefinedImpl.getCollection(UndefinedImpl.java:365):365
	at lib.core.package_cfc$cf.threadCall(/Users/rountrjf/Sites/fpm/lib/core/package.cfc:304):304
	at railo.runtime.thread.ChildThreadImpl.execute(ChildThreadImpl.java:180):180
	at railo.runtime.thread.ChildThreadImpl.run(ChildThreadImpl.java:129):129
"
"ERROR","web-0","10/05/2012","12:57:15","cfthread-10","variable [DEPENDENCIES] doesn't exist
	at railo.runtime.type.scope.UndefinedImpl.getCollection(UndefinedImpl.java:365):365
	at lib.core.package_cfc$cf.threadCall(/Users/rountrjf/Sites/fpm/lib/core/package.cfc:304):304
	at railo.runtime.thread.ChildThreadImpl.execute(ChildThreadImpl.java:180):180
	at railo.runtime.thread.ChildThreadImpl.run(ChildThreadImpl.java:129):129
"
"ERROR","web-0","10/05/2012","12:57:43","cfthread-11","variable [DEPENDENCIES] doesn't exist
	at railo.runtime.type.scope.UndefinedImpl.getCollection(UndefinedImpl.java:365):365
	at lib.core.package_cfc$cf.threadCall(/Users/rountrjf/Sites/fpm/lib/core/package.cfc:304):304
	at railo.runtime.thread.ChildThreadImpl.execute(ChildThreadImpl.java:180):180
	at railo.runtime.thread.ChildThreadImpl.run(ChildThreadImpl.java:129):129
"
"ERROR","web-0","10/05/2012","12:58:34","cfthread-12","variable [DEPENDENCIES] doesn't exist
	at railo.runtime.type.scope.UndefinedImpl.getCollection(UndefinedImpl.java:365):365
	at lib.core.package_cfc$cf.threadCall(/Users/rountrjf/Sites/fpm/lib/core/package.cfc:299):299
	at railo.runtime.thread.ChildThreadImpl.execute(ChildThreadImpl.java:180):180
	at railo.runtime.thread.ChildThreadImpl.run(ChildThreadImpl.java:129):129
"
"ERROR","web-0","10/05/2012","12:59:05","cfthread-13","variable [DEPENDENCIES] doesn't exist
	at railo.runtime.type.scope.UndefinedImpl.getCollection(UndefinedImpl.java:365):365
	at lib.core.package_cfc$cf.threadCall(/Users/rountrjf/Sites/fpm/lib/core/package.cfc:300):300
	at railo.runtime.thread.ChildThreadImpl.execute(ChildThreadImpl.java:180):180
	at railo.runtime.thread.ChildThreadImpl.run(ChildThreadImpl.java:129):129
"
"ERROR","web-0","10/05/2012","12:59:31","cfthread-14","variable [DEPENDENCIES] doesn't exist
	at railo.runtime.type.scope.UndefinedImpl.getCollection(UndefinedImpl.java:365):365
	at lib.core.package_cfc$cf.threadCall(/Users/rountrjf/Sites/fpm/lib/core/package.cfc:299):299
	at railo.runtime.thread.ChildThreadImpl.execute(ChildThreadImpl.java:180):180
	at railo.runtime.thread.ChildThreadImpl.run(ChildThreadImpl.java:129):129
"
"ERROR","web-0","10/05/2012","13:00:04","cfthread-15","variable [DEPENDENCIES] doesn't exist
	at railo.runtime.type.scope.UndefinedImpl.getCollection(UndefinedImpl.java:365):365
	at lib.core.package_cfc$cf.threadCall(/Users/rountrjf/Sites/fpm/lib/core/package.cfc:299):299
	at railo.runtime.thread.ChildThreadImpl.execute(ChildThreadImpl.java:180):180
	at railo.runtime.thread.ChildThreadImpl.run(ChildThreadImpl.java:129):129
"
"ERROR","web-0","10/05/2012","13:03:23","cfthread-16","key [EP] doesn't exist in struct (keys:endpoint,mgr,depname)
	at railo.runtime.type.util.StructSupport.invalidKey(StructSupport.java:33):33
	at railo.runtime.type.StructImpl.get(StructImpl.java:77):77
	at railo.runtime.type.scope.ArgumentThreadImpl.get(ArgumentThreadImpl.java:160):160
	at railo.runtime.type.scope.ArgumentThreadImpl.get(ArgumentThreadImpl.java:571):571
	at railo.runtime.util.VariableUtilImpl.get(VariableUtilImpl.java:243):243
	at railo.runtime.PageContextImpl.get(PageContextImpl.java:1343):1343
	at lib.core.package_cfc$cf.threadCall(/Users/rountrjf/Sites/fpm/lib/core/package.cfc:300):300
	at railo.runtime.thread.ChildThreadImpl.execute(ChildThreadImpl.java:180):180
	at railo.runtime.thread.ChildThreadImpl.run(ChildThreadImpl.java:129):129
"
